[2013-03-09 16:13:44,957] [INFO]	TitleBar setup!
[2013-03-09 16:18:48,172] [INFO]	TitleBar setup!
[2013-03-09 16:20:49,547] [INFO]	TitleBar setup!
[2013-03-09 16:22:10,037] [INFO]	TitleBar setup!
[2013-03-09 16:28:23,961] [INFO]	TitleBar setup!
[2013-03-09 17:36:50,923] [INFO]	TitleBar setup!
[2013-03-09 17:36:59,239] [INFO]	TitleBar setup!
[2013-03-09 18:23:34,529] [INFO]	TitleBar setup!
[2013-03-09 18:24:40,393] [INFO]	TitleBar setup!
[2013-03-09 18:25:31,740] [INFO]	TitleBar setup!
[2013-03-09 18:25:53,080] [INFO]	TitleBar setup!
[2013-03-09 18:26:27,083] [INFO]	TitleBar setup!
[2013-03-09 18:27:35,300] [INFO]	TitleBar setup!
[2013-03-09 18:31:41,720] [INFO]	TitleBar setup!
[2013-03-09 18:44:13,916] [INFO]	TitleBar setup!
[2013-03-09 18:45:52,740] [INFO]	TitleBar setup!
[2013-03-09 18:46:37,023] [INFO]	TitleBar setup!
[2013-03-09 18:47:12,541] [INFO]	TitleBar setup!
[2013-03-09 19:07:14,571] [INFO]	TitleBar setup!
[2013-03-09 19:09:13,346] [INFO]	TitleBar setup!
[2013-03-09 19:12:13,134] [INFO]	TitleBar setup!
[2013-03-09 19:25:38,279] [INFO]	TitleBar setup!
[2013-03-09 19:34:42,449] [INFO]	TitleBar setup!
[2013-03-09 19:44:33,689] [INFO]	TitleBar setup!
[2013-03-09 19:49:03,038] [INFO]	TitleBar setup!
[2013-03-09 19:54:25,970] [INFO]	TitleBar setup!
[2013-03-09 19:55:00,085] [INFO]	TitleBar setup!
[2013-03-09 19:55:26,839] [INFO]	TitleBar setup!
[2013-03-09 19:57:09,766] [INFO]	TitleBar setup!
[2013-03-09 19:59:55,905] [INFO]	TitleBar setup!
[2013-03-09 19:59:56,201] [INFO]	TitleBar setup!
[2013-03-09 20:00:12,259] [INFO]	TitleBar setup!
[2013-03-09 20:02:39,628] [INFO]	TitleBar setup!
[2013-03-09 20:03:01,684] [INFO]	TitleBar setup!
[2013-03-09 20:04:36,803] [INFO]	TitleBar setup!
[2013-03-09 20:05:31,905] [INFO]	TitleBar setup!
[2013-03-09 20:06:30,220] [INFO]	TitleBar setup!
[2013-03-09 20:10:58,217] [INFO]	TitleBar setup!
[2013-03-09 20:11:32,651] [INFO]	TitleBar setup!
[2013-03-09 20:12:21,105] [INFO]	TitleBar setup!
[2013-03-09 20:12:29,979] [INFO]	TitleBar setup!
[2013-03-09 20:13:38,207] [INFO]	TitleBar setup!
[2013-03-09 21:51:29,660] [INFO]	TitleBar setup!
[2013-03-09 21:52:25,843] [INFO]	TitleBar setup!
[2013-03-09 21:52:55,995] [INFO]	TitleBar setup!
[2013-03-09 21:57:12,495] [INFO]	TitleBar setup!
[2013-03-09 21:57:39,294] [INFO]	TitleBar setup!
[2013-03-09 21:57:56,030] [INFO]	TitleBar setup!
[2013-03-09 21:57:56,031] [INFO]	StatusBar setup!
[2013-03-09 21:58:16,773] [INFO]	TitleBar setup!
[2013-03-09 21:58:16,775] [INFO]	StatusBar setup!
[2013-03-09 21:59:08,067] [INFO]	TitleBar setup!
[2013-03-09 21:59:08,069] [INFO]	StatusBar setup!
[2013-03-09 21:59:25,930] [INFO]	TitleBar setup!
[2013-03-09 21:59:25,931] [INFO]	StatusBar setup!
[2013-03-09 22:01:31,774] [INFO]	TitleBar setup!
[2013-03-09 22:01:31,775] [INFO]	StatusBar setup!
[2013-03-09 22:01:54,600] [INFO]	TitleBar setup!
[2013-03-09 22:01:54,601] [INFO]	StatusBar setup!
[2013-03-09 22:02:13,758] [INFO]	TitleBar setup!
[2013-03-09 22:02:13,760] [INFO]	StatusBar setup!
[2013-03-09 22:03:04,555] [INFO]	TitleBar setup!
[2013-03-09 22:03:04,557] [INFO]	StatusBar setup!
[2013-03-09 22:05:17,600] [INFO]	TitleBar setup!
[2013-03-09 22:05:17,601] [INFO]	StatusBar setup!
[2013-03-09 22:06:05,540] [INFO]	TitleBar setup!
[2013-03-09 22:06:05,541] [INFO]	StatusBar setup!
[2013-03-09 22:06:38,003] [INFO]	TitleBar setup!
[2013-03-09 22:06:38,005] [INFO]	StatusBar setup!
[2013-03-09 22:08:23,513] [INFO]	TitleBar setup!
[2013-03-09 22:08:23,514] [INFO]	StatusBar setup!
[2013-03-09 22:23:31,642] [INFO]	TitleBar setup!
[2013-03-09 22:23:31,644] [INFO]	StatusBar setup!
[2013-03-09 23:26:28,333] [INFO]	Created a TitleBarButton: SAMPLER
[2013-03-09 23:26:28,334] [INFO]	TitleBar setup!
[2013-03-09 23:26:28,335] [INFO]	StatusBar setup!
[2013-03-09 23:33:38,425] [INFO]	Created a TitleBarButton: SAMPLER
[2013-03-09 23:33:38,425] [INFO]	TitleBar setup!
[2013-03-09 23:33:38,427] [INFO]	StatusBar setup!
[2013-03-09 23:33:50,882] [INFO]	Created a TitleBarButton: SAMPLERRRRRRRRRR
[2013-03-09 23:33:50,883] [INFO]	TitleBar setup!
[2013-03-09 23:33:50,884] [INFO]	StatusBar setup!
[2013-03-09 23:35:36,074] [INFO]	Created a TitleBarButton: SAMPLERRRRRRRRRR
[2013-03-09 23:35:36,075] [INFO]	TitleBar setup!
[2013-03-09 23:35:36,076] [INFO]	StatusBar setup!
[2013-03-09 23:36:05,120] [INFO]	Created a TitleBarButton: SAMPLERRRRRRRRRR
[2013-03-09 23:36:05,121] [INFO]	TitleBar setup!
[2013-03-09 23:36:05,122] [INFO]	StatusBar setup!
[2013-03-09 23:36:11,752] [INFO]	Created a TitleBarButton: SAMPLERRRRRRRRRR
[2013-03-09 23:36:11,752] [INFO]	TitleBar setup!
[2013-03-09 23:36:11,754] [INFO]	StatusBar setup!
[2013-03-09 23:36:18,511] [INFO]	Created a TitleBarButton: SAMPLERRRRRRRRRR
[2013-03-09 23:36:18,511] [INFO]	TitleBar setup!
[2013-03-09 23:36:18,513] [INFO]	StatusBar setup!
[2013-03-09 23:36:29,121] [INFO]	Created a TitleBarButton: SAMPLERRRRRRRRRR
[2013-03-09 23:36:29,122] [INFO]	TitleBar setup!
[2013-03-09 23:36:29,123] [INFO]	StatusBar setup!
[2013-03-09 23:43:10,102] [INFO]	Created a TitleBarButton: SAMPLERRRRRRRRRR
[2013-03-09 23:43:10,103] [INFO]	TitleBar setup!
[2013-03-09 23:43:10,104] [INFO]	StatusBar setup!
[2013-03-09 23:43:18,049] [INFO]	Created a TitleBarButton: SAMPLERRRRRRRRRR
[2013-03-09 23:43:18,049] [INFO]	TitleBar setup!
[2013-03-09 23:43:18,051] [INFO]	StatusBar setup!
[2013-03-09 23:44:14,727] [INFO]	Created a TitleBarButton: SAMPLER
[2013-03-09 23:44:14,728] [INFO]	Created a TitleBarButton: COLORS
[2013-03-09 23:44:14,730] [INFO]	Created a TitleBarButton: SERVER
[2013-03-09 23:44:14,730] [INFO]	TitleBar setup!
[2013-03-09 23:44:14,732] [INFO]	StatusBar setup!
[2013-03-09 23:46:11,609] [INFO]	Created a TitleBarButton: SAMPLER
[2013-03-09 23:46:11,611] [INFO]	Created a TitleBarButton: COLORS
[2013-03-09 23:46:11,613] [INFO]	Created a TitleBarButton: SERVER
[2013-03-09 23:46:11,613] [INFO]	TitleBar setup!
[2013-03-09 23:46:11,614] [INFO]	StatusBar setup!
[2013-03-09 23:46:25,608] [INFO]	Created a TitleBarButton: SAMPLER
[2013-03-09 23:46:25,609] [INFO]	Created a TitleBarButton: COLORS
[2013-03-09 23:46:25,611] [INFO]	Created a TitleBarButton: SERVER
[2013-03-09 23:46:25,611] [INFO]	TitleBar setup!
[2013-03-09 23:46:25,613] [INFO]	StatusBar setup!
[2013-03-09 23:46:43,604] [INFO]	Created a TitleBarButton: SAMPLER
[2013-03-09 23:46:43,606] [INFO]	Created a TitleBarButton: COLORS
[2013-03-09 23:46:43,608] [INFO]	Created a TitleBarButton: SERVER
[2013-03-09 23:46:43,608] [INFO]	TitleBar setup!
[2013-03-09 23:46:43,609] [INFO]	StatusBar setup!
[2013-03-09 23:50:28,859] [INFO]	Created a TitleBarButton: SAMPLER
[2013-03-09 23:50:28,861] [INFO]	Created a TitleBarButton: COLORS
[2013-03-09 23:50:28,863] [INFO]	Created a TitleBarButton: SERVER
[2013-03-09 23:50:28,863] [INFO]	TitleBar setup!
[2013-03-09 23:50:28,865] [INFO]	StatusBar setup!
[2013-03-09 23:51:01,587] [INFO]	Created a TitleBarButton: SAMPLER
[2013-03-09 23:51:01,589] [INFO]	Created a TitleBarButton: COLORS
[2013-03-09 23:51:01,590] [INFO]	Created a TitleBarButton: SERVER
[2013-03-09 23:51:01,591] [INFO]	TitleBar setup!
[2013-03-09 23:51:01,592] [INFO]	StatusBar setup!
[2013-03-09 23:51:32,674] [INFO]	Created a TitleBarButton: SAMPLER
[2013-03-09 23:51:32,675] [INFO]	Created a TitleBarButton: COLORS
[2013-03-09 23:51:32,677] [INFO]	Created a TitleBarButton: SERVER
[2013-03-09 23:51:32,677] [INFO]	TitleBar setup!
[2013-03-09 23:51:32,679] [INFO]	StatusBar setup!
[2013-03-09 23:53:08,670] [INFO]	Created a TitleBarButton: SAMPLER
[2013-03-09 23:53:08,672] [INFO]	Created a TitleBarButton: COLORS
[2013-03-09 23:53:08,673] [INFO]	Created a TitleBarButton: SERVER
[2013-03-09 23:53:08,674] [INFO]	TitleBar setup!
[2013-03-09 23:53:08,675] [INFO]	StatusBar setup!
[2013-03-09 23:53:20,274] [INFO]	Created a TitleBarButton: SAMPLER
[2013-03-09 23:53:20,276] [INFO]	Created a TitleBarButton: COLORS
[2013-03-09 23:53:20,277] [INFO]	Created a TitleBarButton: SERVER
[2013-03-09 23:53:20,278] [INFO]	TitleBar setup!
[2013-03-09 23:53:20,279] [INFO]	StatusBar setup!
[2013-03-10 00:05:46,527] [INFO]	Created a TitleBarButton: SAMPLER
[2013-03-10 00:05:46,529] [INFO]	Created a TitleBarButton: COLORS
[2013-03-10 00:05:46,530] [INFO]	Created a TitleBarButton: SERVER
[2013-03-10 00:05:46,531] [INFO]	TitleBar setup!
[2013-03-10 00:05:46,532] [INFO]	StatusBar setup!
[2013-03-10 00:06:55,643] [INFO]	Created a TitleBarButton: SAMPLER
[2013-03-10 00:06:55,645] [INFO]	Created a TitleBarButton: COLORS
[2013-03-10 00:06:55,647] [INFO]	Created a TitleBarButton: SERVER
[2013-03-10 00:06:55,647] [INFO]	TitleBar setup!
[2013-03-10 00:06:55,648] [INFO]	StatusBar setup!
[2013-03-10 00:07:44,131] [INFO]	Created a TitleBarButton: SAMPLER
[2013-03-10 00:07:44,133] [INFO]	Created a TitleBarButton: COLORS
[2013-03-10 00:07:44,135] [INFO]	Created a TitleBarButton: SERVER
[2013-03-10 00:07:44,135] [INFO]	TitleBar setup!
[2013-03-10 00:07:44,136] [INFO]	StatusBar setup!
[2013-03-10 00:08:34,670] [INFO]	Created a TitleBarButton: SAMPLER
[2013-03-10 00:08:34,671] [INFO]	Created a TitleBarButton: COLORS
[2013-03-10 00:08:34,673] [INFO]	Created a TitleBarButton: SERVER
[2013-03-10 00:08:34,674] [INFO]	TitleBar setup!
[2013-03-10 00:08:34,675] [INFO]	StatusBar setup!
[2013-03-10 00:09:52,067] [INFO]	Created a TitleBarButton: SAMPLER
[2013-03-10 00:09:52,069] [INFO]	Created a TitleBarButton: COLORS
[2013-03-10 00:09:52,070] [INFO]	Created a TitleBarButton: SERVER
[2013-03-10 00:09:52,071] [INFO]	TitleBar setup!
[2013-03-10 00:09:52,072] [INFO]	StatusBar setup!
[2013-03-10 00:10:07,709] [INFO]	Created a TitleBarButton: SAMPLER
[2013-03-10 00:10:07,710] [INFO]	Created a TitleBarButton: COLORS
[2013-03-10 00:10:07,712] [INFO]	Created a TitleBarButton: SERVER
[2013-03-10 00:10:07,713] [INFO]	TitleBar setup!
[2013-03-10 00:10:07,714] [INFO]	StatusBar setup!
[2013-03-10 00:12:16,136] [INFO]	Created a TitleBarButton: SAMPLER
[2013-03-10 00:12:16,138] [INFO]	Created a TitleBarButton: COLORS
[2013-03-10 00:12:16,140] [INFO]	Created a TitleBarButton: SERVER
[2013-03-10 00:12:16,140] [INFO]	TitleBar setup!
[2013-03-10 00:12:16,141] [INFO]	StatusBar setup!
[2013-03-10 00:13:08,942] [INFO]	Created a TitleBarButton: SAMPLER
[2013-03-10 00:13:08,944] [INFO]	Created a TitleBarButton: COLORS
[2013-03-10 00:13:08,945] [INFO]	Created a TitleBarButton: SERVER
[2013-03-10 00:13:08,946] [INFO]	TitleBar setup!
[2013-03-10 00:13:08,947] [INFO]	StatusBar setup!
[2013-03-10 00:16:53,766] [INFO]	Created a TitleBarButton: SAMPLER
[2013-03-10 00:16:53,768] [INFO]	Created a TitleBarButton: COLORS
[2013-03-10 00:16:53,769] [INFO]	Created a TitleBarButton: SERVER
[2013-03-10 00:16:53,770] [INFO]	TitleBar setup!
[2013-03-10 00:16:53,771] [INFO]	StatusBar setup!
[2013-03-10 00:19:00,957] [INFO]	Created a TitleBarButton: SAMPLER
[2013-03-10 00:19:00,959] [INFO]	Created a TitleBarButton: COLORS
[2013-03-10 00:19:00,960] [INFO]	Created a TitleBarButton: SERVER
[2013-03-10 00:19:00,961] [INFO]	TitleBar setup!
[2013-03-10 00:19:00,962] [INFO]	StatusBar setup!
[2013-03-10 00:19:04,054] [INFO]	Created a TitleBarButton: SAMPLER
[2013-03-10 00:19:04,056] [INFO]	Created a TitleBarButton: COLORS
[2013-03-10 00:19:04,057] [INFO]	Created a TitleBarButton: SERVER
[2013-03-10 00:19:04,058] [INFO]	TitleBar setup!
[2013-03-10 00:19:04,059] [INFO]	StatusBar setup!
[2013-03-10 00:19:24,538] [INFO]	Created a TitleBarButton: SAMPLER
[2013-03-10 00:19:24,540] [INFO]	Created a TitleBarButton: COLORS
[2013-03-10 00:19:24,541] [INFO]	Created a TitleBarButton: SERVER
[2013-03-10 00:19:24,542] [INFO]	TitleBar setup!
[2013-03-10 00:19:24,543] [INFO]	StatusBar setup!
[2013-03-10 00:19:39,894] [INFO]	Created a TitleBarButton: SAMPLER
[2013-03-10 00:19:39,896] [INFO]	Created a TitleBarButton: COLORS
[2013-03-10 00:19:39,897] [INFO]	Created a TitleBarButton: SERVER
[2013-03-10 00:19:39,898] [INFO]	TitleBar setup!
[2013-03-10 00:19:39,899] [INFO]	StatusBar setup!
[2013-03-10 00:20:43,095] [INFO]	Created a TitleBarButton: SAMPLER
[2013-03-10 00:20:43,097] [INFO]	Created a TitleBarButton: COLORS
[2013-03-10 00:20:43,099] [INFO]	Created a TitleBarButton: SERVER
[2013-03-10 00:20:43,100] [INFO]	TitleBar setup!
[2013-03-10 00:20:43,101] [INFO]	StatusBar setup!
[2013-03-10 00:20:46,580] [INFO]	Created a TitleBarButton: SAMPLER
[2013-03-10 00:20:46,582] [INFO]	Created a TitleBarButton: COLORS
[2013-03-10 00:20:46,584] [INFO]	Created a TitleBarButton: SERVER
[2013-03-10 00:20:46,584] [INFO]	TitleBar setup!
[2013-03-10 00:20:46,585] [INFO]	StatusBar setup!
[2013-03-10 00:20:59,332] [INFO]	Created a TitleBarButton: SAMPLER
[2013-03-10 00:20:59,334] [INFO]	Created a TitleBarButton: COLORS
[2013-03-10 00:20:59,336] [INFO]	Created a TitleBarButton: SERVER
[2013-03-10 00:20:59,336] [INFO]	TitleBar setup!
[2013-03-10 00:20:59,337] [INFO]	StatusBar setup!
[2013-03-10 00:24:28,979] [INFO]	Created a TitleBarButton: SAMPLER
[2013-03-10 00:24:28,981] [INFO]	Created a TitleBarButton: COLORS
[2013-03-10 00:24:28,982] [INFO]	Created a TitleBarButton: SERVER
[2013-03-10 00:24:28,983] [INFO]	TitleBar setup!
[2013-03-10 00:24:28,984] [INFO]	StatusBar setup!
[2013-03-10 01:17:38,634] [INFO]	Created a TitleBarButton: SAMPLER
[2013-03-10 01:17:38,636] [INFO]	Created a TitleBarButton: COLORS
[2013-03-10 01:17:38,638] [INFO]	Created a TitleBarButton: SERVER
[2013-03-10 01:17:38,638] [INFO]	TitleBar setup!
[2013-03-10 01:17:38,639] [INFO]	StatusBar setup!
[2013-03-10 01:17:53,602] [INFO]	Created a TitleBarButton: SAMPLER
[2013-03-10 01:17:53,604] [INFO]	Created a TitleBarButton: COLORS
[2013-03-10 01:17:53,606] [INFO]	Created a TitleBarButton: SERVER
[2013-03-10 01:17:53,606] [INFO]	TitleBar setup!
[2013-03-10 01:17:53,608] [INFO]	StatusBar setup!
[2013-03-10 01:18:03,112] [INFO]	Created a TitleBarButton: SAMPLER
[2013-03-10 01:18:03,114] [INFO]	Created a TitleBarButton: COLORS
[2013-03-10 01:18:03,115] [INFO]	Created a TitleBarButton: SERVER
[2013-03-10 01:18:03,116] [INFO]	TitleBar setup!
[2013-03-10 01:18:03,117] [INFO]	StatusBar setup!
[2013-03-10 01:18:29,562] [INFO]	Created a TitleBarButton: SAMPLER
[2013-03-10 01:18:29,564] [INFO]	Created a TitleBarButton: COLORS
[2013-03-10 01:18:29,566] [INFO]	Created a TitleBarButton: SERVER
[2013-03-10 01:18:29,566] [INFO]	TitleBar setup!
[2013-03-10 01:18:29,567] [INFO]	StatusBar setup!
[2013-03-10 01:19:35,122] [INFO]	Created a TitleBarButton: SAMPLER
[2013-03-10 01:19:35,124] [INFO]	Created a TitleBarButton: COLORS
[2013-03-10 01:19:35,125] [INFO]	Created a TitleBarButton: SERVER
[2013-03-10 01:19:35,126] [INFO]	TitleBar setup!
[2013-03-10 01:19:35,127] [INFO]	StatusBar setup!
[2013-03-10 01:19:48,263] [INFO]	Created a TitleBarButton: SAMPLER
[2013-03-10 01:19:48,265] [INFO]	Created a TitleBarButton: COLORS
[2013-03-10 01:19:48,266] [INFO]	Created a TitleBarButton: SERVER
[2013-03-10 01:19:48,267] [INFO]	TitleBar setup!
[2013-03-10 01:19:48,268] [INFO]	StatusBar setup!
[2013-03-10 01:21:07,851] [INFO]	Created a TitleBarButton: SAMPLER
[2013-03-10 10:04:14,603] [INFO]	Created a TitleBarButton: SAMPLER
[2013-03-10 10:04:39,853] [INFO]	Created a TitleBarButton: SAMPLER
[2013-03-10 10:04:39,854] [INFO]	Created a TitleBarButton: COLORS
[2013-03-10 10:04:39,856] [INFO]	Created a TitleBarButton: SERVER
[2013-03-10 10:04:39,856] [INFO]	TitleBar setup!
[2013-03-10 10:04:39,857] [INFO]	StatusBar setup!
[2013-03-10 10:05:38,447] [INFO]	Created a TitleBarButton: SAMPLER
[2013-03-10 10:05:38,449] [INFO]	Created a TitleBarButton: COLORS
[2013-03-10 10:05:38,450] [INFO]	Created a TitleBarButton: SERVER
[2013-03-10 10:05:38,451] [INFO]	TitleBar setup!
[2013-03-10 10:05:38,452] [INFO]	StatusBar setup!
[2013-03-10 10:10:46,965] [INFO]	Created a TitleBarButton: SAMPLER
[2013-03-10 10:10:46,966] [INFO]	Created a TitleBarButton: COLORS
[2013-03-10 10:10:46,968] [INFO]	Created a TitleBarButton: SERVER
[2013-03-10 10:10:46,968] [INFO]	TitleBar setup!
[2013-03-10 10:10:46,970] [INFO]	StatusBar setup!
[2013-03-10 10:11:14,809] [INFO]	Created a TitleBarButton: SAMPLER
[2013-03-10 10:11:14,811] [INFO]	Created a TitleBarButton: COLORS
[2013-03-10 10:11:14,812] [INFO]	Created a TitleBarButton: SERVER
[2013-03-10 10:11:14,813] [INFO]	TitleBar setup!
[2013-03-10 10:11:14,814] [INFO]	StatusBar setup!
[2013-03-10 10:12:02,426] [INFO]	Created a TitleBarButton: SAMPLER
[2013-03-10 10:12:02,428] [INFO]	Created a TitleBarButton: COLORS
[2013-03-10 10:12:02,430] [INFO]	Created a TitleBarButton: SERVER
[2013-03-10 10:12:02,430] [INFO]	TitleBar setup!
[2013-03-10 10:12:02,431] [INFO]	StatusBar setup!
[2013-03-10 10:12:10,672] [INFO]	Created a TitleBarButton: SAMPLER
[2013-03-10 10:12:10,674] [INFO]	Created a TitleBarButton: COLORS
[2013-03-10 10:12:10,675] [INFO]	Created a TitleBarButton: SERVER
[2013-03-10 10:12:10,676] [INFO]	TitleBar setup!
[2013-03-10 10:12:10,677] [INFO]	StatusBar setup!
[2013-03-10 10:12:15,466] [INFO]	Created a TitleBarButton: SAMPLER
[2013-03-10 10:12:15,468] [INFO]	Created a TitleBarButton: COLORS
[2013-03-10 10:12:15,469] [INFO]	Created a TitleBarButton: SERVER
[2013-03-10 10:12:15,470] [INFO]	TitleBar setup!
[2013-03-10 10:12:15,471] [INFO]	StatusBar setup!
[2013-03-10 10:13:13,646] [INFO]	Created a TitleBarButton: SAMPLER
[2013-03-10 10:13:13,648] [INFO]	Created a TitleBarButton: COLORS
[2013-03-10 10:13:13,650] [INFO]	Created a TitleBarButton: SERVER
[2013-03-10 10:13:13,650] [INFO]	TitleBar setup!
[2013-03-10 10:13:13,651] [INFO]	StatusBar setup!
[2013-03-10 10:13:33,626] [INFO]	Created a TitleBarButton: SAMPLER
[2013-03-10 10:13:33,628] [INFO]	Created a TitleBarButton: COLORS
[2013-03-10 10:13:33,630] [INFO]	Created a TitleBarButton: SERVER
[2013-03-10 10:13:33,630] [INFO]	TitleBar setup!
[2013-03-10 10:13:33,631] [INFO]	StatusBar setup!
[2013-03-10 10:13:48,741] [INFO]	Created a TitleBarButton: SAMPLER
[2013-03-10 10:13:48,743] [INFO]	Created a TitleBarButton: COLORS
[2013-03-10 10:13:48,744] [INFO]	Created a TitleBarButton: SERVER
[2013-03-10 10:13:48,745] [INFO]	TitleBar setup!
[2013-03-10 10:13:48,746] [INFO]	StatusBar setup!
[2013-03-10 10:15:43,552] [INFO]	Created a TitleBarButton: SAMPLER
[2013-03-10 10:15:43,554] [INFO]	Created a TitleBarButton: COLORS
[2013-03-10 10:15:43,556] [INFO]	Created a TitleBarButton: SERVER
[2013-03-10 10:15:43,556] [INFO]	TitleBar setup!
[2013-03-10 10:15:43,558] [INFO]	StatusBar setup!
[2013-03-10 10:16:02,121] [INFO]	Created a TitleBarButton: SAMPLER
[2013-03-10 10:16:02,122] [INFO]	Created a TitleBarButton: COLORS
[2013-03-10 10:16:02,124] [INFO]	Created a TitleBarButton: SERVER
[2013-03-10 10:16:02,125] [INFO]	TitleBar setup!
[2013-03-10 10:16:02,126] [INFO]	StatusBar setup!
[2013-03-10 10:16:15,284] [INFO]	Created a TitleBarButton: SAMPLER
[2013-03-10 10:16:15,286] [INFO]	Created a TitleBarButton: COLORS
[2013-03-10 10:16:15,288] [INFO]	Created a TitleBarButton: SERVER
[2013-03-10 10:16:15,288] [INFO]	TitleBar setup!
[2013-03-10 10:16:15,289] [INFO]	StatusBar setup!
[2013-03-10 10:16:40,017] [INFO]	Created a TitleBarButton: SAMPLER
[2013-03-10 10:16:40,019] [INFO]	Created a TitleBarButton: COLORS
[2013-03-10 10:16:40,021] [INFO]	Created a TitleBarButton: SERVER
[2013-03-10 10:16:40,021] [INFO]	TitleBar setup!
[2013-03-10 10:16:40,022] [INFO]	StatusBar setup!
[2013-03-10 10:17:19,787] [INFO]	Created a TitleBarButton: SAMPLER
[2013-03-10 10:17:19,789] [INFO]	Created a TitleBarButton: COLORS
[2013-03-10 10:17:19,790] [INFO]	Created a TitleBarButton: SERVER
[2013-03-10 10:17:19,791] [INFO]	TitleBar setup!
[2013-03-10 10:17:19,792] [INFO]	StatusBar setup!
[2013-03-10 10:18:54,982] [INFO]	Created a TitleBarButton: SAMPLER
[2013-03-10 10:18:54,984] [INFO]	Created a TitleBarButton: COLORS
[2013-03-10 10:18:54,986] [INFO]	Created a TitleBarButton: SERVER
[2013-03-10 10:18:54,986] [INFO]	TitleBar setup!
[2013-03-10 10:18:54,987] [INFO]	StatusBar setup!
[2013-03-10 10:24:29,315] [INFO]	Created a TitleBarButton: SAMPLER
[2013-03-10 10:24:29,316] [INFO]	Created a TitleBarButton: COLORS
[2013-03-10 10:24:29,318] [INFO]	Created a TitleBarButton: SERVER
[2013-03-10 10:24:29,319] [INFO]	TitleBar setup!
[2013-03-10 10:24:29,320] [INFO]	StatusBar setup!
[2013-03-10 10:26:49,166] [INFO]	Created a TitleBarButton: SAMPLER
[2013-03-10 10:26:49,167] [INFO]	Created a TitleBarButton: COLORS
[2013-03-10 10:26:49,169] [INFO]	Created a TitleBarButton: SERVER
[2013-03-10 10:26:49,169] [INFO]	TitleBar setup!
[2013-03-10 10:26:49,171] [INFO]	StatusBar setup!
[2013-03-10 10:27:21,112] [INFO]	Created a TitleBarButton: SAMPLER
[2013-03-10 10:27:21,114] [INFO]	Created a TitleBarButton: COLORS
[2013-03-10 10:27:21,115] [INFO]	Created a TitleBarButton: SERVER
[2013-03-10 10:27:21,116] [INFO]	TitleBar setup!
[2013-03-10 10:27:21,117] [INFO]	StatusBar setup!
[2013-03-10 10:31:24,232] [INFO]	Created a TitleBarButton: SAMPLER
[2013-03-10 10:31:24,234] [INFO]	Created a TitleBarButton: COLORS
[2013-03-10 10:31:24,236] [INFO]	Created a TitleBarButton: SERVER
[2013-03-10 10:31:24,236] [INFO]	TitleBar setup!
[2013-03-10 10:31:24,238] [INFO]	StatusBar setup!
[2013-03-10 10:32:55,107] [INFO]	Created a TitleBarButton: SAMPLER
[2013-03-10 10:32:55,109] [INFO]	Created a TitleBarButton: COLORS
[2013-03-10 10:32:55,110] [INFO]	Created a TitleBarButton: SERVER
[2013-03-10 10:32:55,111] [INFO]	TitleBar setup!
[2013-03-10 10:32:55,112] [INFO]	StatusBar setup!
[2013-03-10 10:33:07,846] [INFO]	Created a TitleBarButton: SAMPLER
[2013-03-10 10:33:07,848] [INFO]	Created a TitleBarButton: COLORS
[2013-03-10 10:33:07,849] [INFO]	Created a TitleBarButton: SERVER
[2013-03-10 10:33:07,850] [INFO]	TitleBar setup!
[2013-03-10 10:33:07,851] [INFO]	StatusBar setup!
[2013-03-10 10:33:36,857] [INFO]	Created a TitleBarButton: SAMPLER
[2013-03-10 10:33:36,858] [INFO]	Created a TitleBarButton: COLORS
[2013-03-10 10:33:36,859] [INFO]	Created a TitleBarButton: SERVER
[2013-03-10 10:33:36,859] [INFO]	TitleBar setup!
[2013-03-10 10:33:36,860] [INFO]	StatusBar setup!
[2013-03-10 10:35:23,029] [INFO]	Created a TitleBarButton: SAMPLER
[2013-03-10 10:35:23,031] [INFO]	Created a TitleBarButton: COLORS
[2013-03-10 10:35:23,033] [INFO]	Created a TitleBarButton: SERVER
[2013-03-10 10:35:23,033] [INFO]	TitleBar setup!
[2013-03-10 10:35:23,034] [INFO]	StatusBar setup!
[2013-03-10 10:35:32,072] [INFO]	Created a TitleBarButton: SAMPLER
[2013-03-10 10:35:32,074] [INFO]	Created a TitleBarButton: COLORS
[2013-03-10 10:35:32,076] [INFO]	Created a TitleBarButton: SERVER
[2013-03-10 10:35:32,076] [INFO]	TitleBar setup!
[2013-03-10 10:35:32,077] [INFO]	StatusBar setup!
[2013-03-10 10:35:48,891] [INFO]	Created a TitleBarButton: SAMPLER
[2013-03-10 10:35:48,892] [INFO]	Created a TitleBarButton: COLORS
[2013-03-10 10:35:48,894] [INFO]	Created a TitleBarButton: SERVER
[2013-03-10 10:35:48,894] [INFO]	TitleBar setup!
[2013-03-10 10:35:48,895] [INFO]	StatusBar setup!
[2013-03-10 10:36:41,209] [INFO]	Created a TitleBarButton: SAMPLER
[2013-03-10 10:36:41,211] [INFO]	Created a TitleBarButton: COLORS
[2013-03-10 10:36:41,213] [INFO]	Created a TitleBarButton: SERVER
[2013-03-10 10:36:41,213] [INFO]	TitleBar setup!
[2013-03-10 10:36:41,215] [INFO]	StatusBar setup!
[2013-03-10 10:46:57,298] [INFO]	Created a TitleBarButton: SAMPLER
[2013-03-10 10:46:57,300] [INFO]	Created a TitleBarButton: COLORS
[2013-03-10 10:46:57,302] [INFO]	Created a TitleBarButton: SERVER
[2013-03-10 10:46:57,302] [INFO]	TitleBar setup!
[2013-03-10 10:46:57,304] [INFO]	StatusBar setup!
[2013-03-10 10:54:30,863] [INFO]	Created a TitleBarButton: SAMPLER
[2013-03-10 10:54:30,865] [INFO]	Created a TitleBarButton: COLORS
[2013-03-10 10:54:30,866] [INFO]	Created a TitleBarButton: SERVER
[2013-03-10 10:54:30,868] [INFO]	TitleBar setup!
[2013-03-10 10:54:30,869] [INFO]	StatusBar setup!
[2013-03-10 10:56:45,130] [INFO]	TitleBar initialize
[2013-03-10 10:56:45,135] [INFO]	Creating a TitleBarButton: SAMPLER
[2013-03-10 10:56:45,140] [INFO]	Creating a TitleBarButton: COLORS
[2013-03-10 10:56:45,141] [INFO]	Creating a TitleBarButton: SERVER
[2013-03-10 10:56:45,144] [INFO]	StatusBar setup!
[2013-03-10 10:57:18,704] [INFO]	TitleBar initialize
[2013-03-10 10:57:18,709] [INFO]	Creating a TitleBarButton: SAMPLER
[2013-03-10 10:57:18,714] [INFO]	Creating a TitleBarButton: COLORS
[2013-03-10 10:57:18,715] [INFO]	Creating a TitleBarButton: SERVER
[2013-03-10 10:57:18,719] [INFO]	StatusBar setup!
[2013-03-10 10:57:39,978] [INFO]	TitleBar initialize
[2013-03-10 10:57:39,984] [INFO]	Creating a TitleBarButton: SAMPLER
[2013-03-10 10:57:39,988] [INFO]	Creating a TitleBarButton: COLORS
[2013-03-10 10:57:39,990] [INFO]	Creating a TitleBarButton: SERVER
[2013-03-10 10:57:39,994] [INFO]	StatusBar setup!
[2013-03-10 11:05:28,902] [INFO]	TitleBar initialize
[2013-03-10 11:05:28,907] [INFO]	Creating a TitleBarButton: SAMPLER
[2013-03-10 11:05:28,911] [INFO]	Creating a TitleBarButton: COLORS
[2013-03-10 11:05:28,913] [INFO]	Creating a TitleBarButton: SERVER
[2013-03-10 11:05:28,917] [INFO]	StatusBar setup!
[2013-03-10 11:06:19,417] [INFO]	TitleBar initialize
[2013-03-10 11:06:19,423] [INFO]	Creating a TitleBarButton: SAMPLER
[2013-03-10 11:06:19,427] [INFO]	Creating a TitleBarButton: COLORS
[2013-03-10 11:06:19,428] [INFO]	Creating a TitleBarButton: SERVER
[2013-03-10 11:07:26,567] [INFO]	TitleBar initialize
[2013-03-10 11:07:26,573] [INFO]	Creating a TitleBarButton: SAMPLER
[2013-03-10 11:07:26,577] [INFO]	Creating a TitleBarButton: COLORS
[2013-03-10 11:07:26,579] [INFO]	Creating a TitleBarButton: SERVER
[2013-03-10 11:07:26,582] [INFO]	StatusBar setup!
[2013-03-10 11:09:12,044] [INFO]	TitleBar initialize
[2013-03-10 11:09:12,050] [INFO]	Creating a TitleBarButton: SAMPLER
[2013-03-10 11:09:12,054] [INFO]	Creating a TitleBarButton: COLORS
[2013-03-10 11:09:12,056] [INFO]	Creating a TitleBarButton: SERVER
[2013-03-10 11:09:12,059] [INFO]	StatusBar setup!
[2013-03-10 11:10:20,085] [INFO]	TitleBar initialize
[2013-03-10 11:10:20,090] [INFO]	Creating a TitleBarButton: SAMPLER
[2013-03-10 11:10:20,095] [INFO]	Creating a TitleBarButton: COLORS
[2013-03-10 11:10:20,096] [INFO]	Creating a TitleBarButton: SERVER
[2013-03-10 11:10:20,099] [INFO]	StatusBar setup!
[2013-03-10 11:10:57,582] [INFO]	TitleBar initialize
[2013-03-10 11:10:57,587] [INFO]	Creating a TitleBarButton: SAMPLER
[2013-03-10 11:10:57,592] [INFO]	Creating a TitleBarButton: COLORS
[2013-03-10 11:10:57,593] [INFO]	Creating a TitleBarButton: SERVER
[2013-03-10 11:10:57,597] [INFO]	StatusBar setup!
[2013-03-10 11:14:02,622] [INFO]	TitleBar initialize
[2013-03-10 11:14:02,628] [INFO]	Creating a TitleBarButton: SAMPLER
[2013-03-10 11:14:02,632] [INFO]	Creating a TitleBarButton: COLORS
[2013-03-10 11:14:02,634] [INFO]	Creating a TitleBarButton: SERVER
[2013-03-10 11:14:02,637] [INFO]	StatusBar setup!
[2013-03-10 11:30:36,708] [INFO]	TitleBar initialize
[2013-03-10 11:30:36,714] [INFO]	Creating a TitleBarButton: SAMPLER
[2013-03-10 11:30:36,718] [INFO]	Creating a TitleBarButton: COLORS
[2013-03-10 11:30:36,720] [INFO]	Creating a TitleBarButton: SERVER
[2013-03-10 11:30:36,723] [INFO]	StatusBar setup!
[2013-03-10 11:30:54,590] [INFO]	TitleBar initialize
[2013-03-10 11:30:54,596] [INFO]	Creating a TitleBarButton: SAMPLER
[2013-03-10 11:30:54,600] [INFO]	Creating a TitleBarButton: COLORS
[2013-03-10 11:30:54,601] [INFO]	Creating a TitleBarButton: SERVER
[2013-03-10 11:30:54,605] [INFO]	StatusBar setup!
[2013-03-10 11:31:09,265] [INFO]	TitleBar initialize
[2013-03-10 11:31:09,272] [INFO]	Creating a TitleBarButton: SAMPLER
[2013-03-10 11:31:09,276] [INFO]	Creating a TitleBarButton: COLORS
[2013-03-10 11:31:09,278] [INFO]	Creating a TitleBarButton: SERVER
[2013-03-10 11:31:09,281] [INFO]	StatusBar setup!
[2013-03-10 11:32:20,381] [INFO]	TitleBar initialize
[2013-03-10 11:32:20,387] [INFO]	Creating a TitleBarButton: SAMPLER
[2013-03-10 11:32:20,391] [INFO]	Creating a TitleBarButton: COLORS
[2013-03-10 11:32:20,392] [INFO]	Creating a TitleBarButton: SERVER
[2013-03-10 11:32:20,396] [INFO]	StatusBar setup!
[2013-03-10 11:32:43,334] [INFO]	TitleBar initialize
[2013-03-10 11:32:43,339] [INFO]	Creating a TitleBarButton: SAMPLER
[2013-03-10 11:32:43,343] [INFO]	Creating a TitleBarButton: COLORS
[2013-03-10 11:32:43,344] [INFO]	Creating a TitleBarButton: SERVER
[2013-03-10 11:32:43,348] [INFO]	StatusBar setup!
[2013-03-10 11:33:20,537] [INFO]	TitleBar initialize
[2013-03-10 11:33:20,542] [INFO]	Creating a TitleBarButton: SAMPLER
[2013-03-10 11:33:20,547] [INFO]	Creating a TitleBarButton: COLORS
[2013-03-10 11:33:20,548] [INFO]	Creating a TitleBarButton: SERVER
[2013-03-10 11:33:20,551] [INFO]	StatusBar setup!
[2013-03-10 11:54:40,208] [INFO]	TitleBar initialize
[2013-03-10 11:54:40,214] [INFO]	Creating a TitleBarButton: SAMPLER
[2013-03-10 11:54:40,218] [INFO]	Creating a TitleBarButton: COLORS
[2013-03-10 11:54:40,220] [INFO]	Creating a TitleBarButton: SERVER
[2013-03-10 11:54:40,223] [INFO]	StatusBar setup!
[2013-03-10 11:54:53,416] [INFO]	TitleBar initialize
[2013-03-10 11:54:53,421] [INFO]	Creating a TitleBarButton: SAMPLER
[2013-03-10 11:54:53,426] [INFO]	Creating a TitleBarButton: COLORS
[2013-03-10 11:54:53,427] [INFO]	Creating a TitleBarButton: SERVER
[2013-03-10 11:54:53,431] [INFO]	StatusBar setup!
[2013-03-10 11:55:07,818] [INFO]	TitleBar initialize
[2013-03-10 11:55:07,823] [INFO]	Creating a TitleBarButton: SAMPLER
[2013-03-10 11:55:07,828] [INFO]	Creating a TitleBarButton: COLORS
[2013-03-10 11:55:07,829] [INFO]	Creating a TitleBarButton: SERVER
[2013-03-10 11:55:07,832] [INFO]	StatusBar setup!
[2013-03-10 11:55:51,945] [INFO]	TitleBar initialize
[2013-03-10 11:55:51,951] [INFO]	Creating a TitleBarButton: SAMPLER
[2013-03-10 11:55:51,955] [INFO]	Creating a TitleBarButton: COLORS
[2013-03-10 11:55:51,956] [INFO]	Creating a TitleBarButton: SERVER
[2013-03-10 11:55:51,960] [INFO]	StatusBar setup!
[2013-03-10 11:56:15,858] [INFO]	TitleBar initialize
[2013-03-10 11:56:15,863] [INFO]	Creating a TitleBarButton: SAMPLER
[2013-03-10 11:56:15,868] [INFO]	Creating a TitleBarButton: COLORS
[2013-03-10 11:56:15,869] [INFO]	Creating a TitleBarButton: SERVER
[2013-03-10 11:56:15,872] [INFO]	StatusBar setup!
[2013-03-10 11:56:25,122] [INFO]	TitleBar initialize
[2013-03-10 11:56:25,127] [INFO]	Creating a TitleBarButton: SAMPLER
[2013-03-10 11:56:25,132] [INFO]	Creating a TitleBarButton: COLORS
[2013-03-10 11:56:25,133] [INFO]	Creating a TitleBarButton: SERVER
[2013-03-10 12:00:02,773] [INFO]	TitleBar initialize
[2013-03-10 12:00:02,779] [INFO]	Creating a TitleBarButton: SAMPLER
[2013-03-10 12:00:02,783] [INFO]	Creating a TitleBarButton: COLORS
[2013-03-10 12:00:02,785] [INFO]	Creating a TitleBarButton: SERVER
[2013-03-10 12:00:02,788] [INFO]	StatusBar setup!
[2013-03-10 12:04:34,004] [INFO]	TitleBar initialize
[2013-03-10 12:04:34,009] [INFO]	Creating a TitleBarButton: SAMPLER
[2013-03-10 12:04:34,014] [INFO]	Creating a TitleBarButton: COLORS
[2013-03-10 12:04:34,016] [INFO]	Creating a TitleBarButton: SERVER
[2013-03-10 12:04:34,018] [INFO]	StatusBar setup!
[2013-03-10 12:05:12,346] [INFO]	TitleBar initialize
[2013-03-10 12:05:12,351] [INFO]	Creating a TitleBarButton: SAMPLER
[2013-03-10 12:05:12,356] [INFO]	Creating a TitleBarButton: COLORS
[2013-03-10 12:05:12,358] [INFO]	Creating a TitleBarButton: SERVER
[2013-03-10 12:05:12,361] [INFO]	StatusBar setup!
[2013-03-10 12:06:29,679] [INFO]	TitleBar initialize
[2013-03-10 12:06:29,684] [INFO]	Creating a TitleBarButton: SAMPLER
[2013-03-10 12:06:29,689] [INFO]	Creating a TitleBarButton: COLORS
[2013-03-10 12:06:29,691] [INFO]	Creating a TitleBarButton: SERVER
[2013-03-10 12:06:29,694] [INFO]	StatusBar setup!
[2013-03-10 13:12:24,244] [INFO]	Loading preferences from file: preferences.json
[2013-03-10 13:12:24,245] [INFO]	...preferences file does not exist. Using defaults!
[2013-03-10 13:12:24,290] [INFO]	TitleBar initialize
[2013-03-10 13:12:24,295] [INFO]	Creating a TitleBarButton: SAMPLER
[2013-03-10 13:12:24,301] [INFO]	Creating a TitleBarButton: COLORS
[2013-03-10 13:12:24,303] [INFO]	Creating a TitleBarButton: SERVER
[2013-03-10 13:12:24,305] [INFO]	StatusBar setup!
[2013-03-10 13:12:24,324] [INFO]	Saving preferences to file: preferences.json
[2013-03-10 13:13:11,844] [INFO]	Loading preferences from file: preferences.json
[2013-03-10 13:13:11,845] [INFO]	...preferences file does not exist. Using defaults!
[2013-03-10 13:13:11,890] [INFO]	TitleBar initialize
[2013-03-10 13:13:11,896] [INFO]	Creating a TitleBarButton: SAMPLER
[2013-03-10 13:13:11,901] [INFO]	Creating a TitleBarButton: COLORS
[2013-03-10 13:13:11,903] [INFO]	Creating a TitleBarButton: SERVER
[2013-03-10 13:13:11,905] [INFO]	StatusBar setup!
[2013-03-10 13:13:16,709] [INFO]	Saving preferences to file: preferences.json
[2013-03-10 13:14:01,656] [INFO]	Loading preferences from file: preferences.json
[2013-03-10 13:14:01,656] [INFO]	...preferences file does not exist. Using defaults!
[2013-03-10 13:14:01,702] [INFO]	TitleBar initialize
[2013-03-10 13:14:01,708] [INFO]	Creating a TitleBarButton: SAMPLER
[2013-03-10 13:14:01,713] [INFO]	Creating a TitleBarButton: COLORS
[2013-03-10 13:14:01,715] [INFO]	Creating a TitleBarButton: SERVER
[2013-03-10 13:14:01,718] [INFO]	StatusBar setup!
[2013-03-10 13:14:03,444] [INFO]	Saving preferences to file: preferences.json
[2013-03-10 13:14:16,778] [INFO]	Loading preferences from file: preferences.json
[2013-03-10 13:14:16,778] [INFO]	...preferences file does not exist. Using defaults!
[2013-03-10 13:14:16,823] [INFO]	TitleBar initialize
[2013-03-10 13:14:16,829] [INFO]	Creating a TitleBarButton: SAMPLER
[2013-03-10 13:14:16,834] [INFO]	Creating a TitleBarButton: COLORS
[2013-03-10 13:14:16,836] [INFO]	Creating a TitleBarButton: SERVER
[2013-03-10 13:14:16,838] [INFO]	StatusBar setup!
[2013-03-10 13:14:18,315] [INFO]	Saving preferences to file: preferences.json
[2013-03-10 13:15:17,158] [INFO]	Loading preferences from file: preferences.json
[2013-03-10 13:15:17,208] [INFO]	TitleBar initialize
[2013-03-10 13:15:17,214] [INFO]	Creating a TitleBarButton: SAMPLER
[2013-03-10 13:15:17,219] [INFO]	Creating a TitleBarButton: COLORS
[2013-03-10 13:15:17,220] [INFO]	Creating a TitleBarButton: SERVER
[2013-03-10 13:15:17,223] [INFO]	StatusBar setup!
[2013-03-10 13:15:27,866] [INFO]	Saving preferences to file: preferences.json
[2013-03-10 13:15:48,512] [INFO]	Loading preferences from file: preferences.json
[2013-03-10 13:15:48,561] [INFO]	TitleBar initialize
[2013-03-10 13:15:48,567] [INFO]	Creating a TitleBarButton: SAMPLER
[2013-03-10 13:15:48,572] [INFO]	Creating a TitleBarButton: COLORS
[2013-03-10 13:15:48,574] [INFO]	Creating a TitleBarButton: SERVER
[2013-03-10 13:15:48,576] [INFO]	StatusBar setup!
[2013-03-10 13:16:28,828] [INFO]	Loading preferences from file: preferences.json
[2013-03-10 13:16:28,877] [INFO]	TitleBar initialize
[2013-03-10 13:16:28,882] [INFO]	Creating a TitleBarButton: SAMPLER
[2013-03-10 13:16:28,887] [INFO]	Creating a TitleBarButton: COLORS
[2013-03-10 13:16:28,889] [INFO]	Creating a TitleBarButton: SERVER
[2013-03-10 13:16:28,891] [INFO]	StatusBar setup!
[2013-03-10 13:17:22,289] [INFO]	Loading preferences from file: preferences.json
[2013-03-10 13:17:22,335] [INFO]	TitleBar initialize
[2013-03-10 13:17:22,340] [INFO]	Creating a TitleBarButton: SAMPLER
[2013-03-10 13:17:22,346] [INFO]	Creating a TitleBarButton: COLORS
[2013-03-10 13:17:22,348] [INFO]	Creating a TitleBarButton: SERVER
[2013-03-10 13:17:22,350] [INFO]	StatusBar setup!
[2013-03-10 13:17:27,953] [INFO]	Saving preferences to file: preferences.json
[2013-03-10 13:17:37,844] [INFO]	Loading preferences from file: preferences.json
[2013-03-10 13:17:37,844] [DEBUG]	 - serverEndpoint = 192.168.1.200:13555
[2013-03-10 13:17:37,844] [DEBUG]	 - camGain = 0.83
[2013-03-10 13:17:37,844] [DEBUG]	 - windowPos = [0, 0]
[2013-03-10 13:17:37,845] [DEBUG]	 - camBrightness = 0.46
[2013-03-10 13:17:37,845] [DEBUG]	 - boundsTopLeft = [0.2, 0.2]
[2013-03-10 13:17:37,845] [DEBUG]	 - camContrast = 0.12
[2013-03-10 13:17:37,845] [DEBUG]	 - camSaturation = 0.29
[2013-03-10 13:17:37,845] [DEBUG]	 - colorBrightness = 0.5
[2013-03-10 13:17:37,846] [DEBUG]	 - boundsTopRight = [0.8, 0.2]
[2013-03-10 13:17:37,846] [DEBUG]	 - boundsBottomLeft = [0.2, 0.8]
[2013-03-10 13:17:37,846] [DEBUG]	 - colorSaturation = 0.5
[2013-03-10 13:17:37,846] [DEBUG]	 - fadeDelayMs = 200
[2013-03-10 13:17:37,846] [DEBUG]	 - boundsBottomRight = [0.8, 0.8]
[2013-03-10 13:17:37,846] [DEBUG]	 - colorHue = 0.5
[2013-03-10 13:17:37,891] [INFO]	TitleBar initialize
[2013-03-10 13:17:37,897] [INFO]	Creating a TitleBarButton: SAMPLER
[2013-03-10 13:17:37,902] [INFO]	Creating a TitleBarButton: COLORS
[2013-03-10 13:17:37,904] [INFO]	Creating a TitleBarButton: SERVER
[2013-03-10 13:17:37,906] [INFO]	StatusBar setup!
[2013-03-10 13:17:47,233] [INFO]	Saving preferences to file: preferences.json
[2013-03-10 13:17:53,937] [INFO]	Saving preferences to file: preferences.json
[2013-03-10 13:17:58,107] [INFO]	Loading preferences from file: preferences.json
[2013-03-10 13:17:58,107] [DEBUG]	 - windowPos = [0, 0]
[2013-03-10 13:17:58,107] [DEBUG]	 - camGain = 0.83
[2013-03-10 13:17:58,107] [DEBUG]	 - camContrast = 0.12
[2013-03-10 13:17:58,107] [DEBUG]	 - camBrightness = 0.46
[2013-03-10 13:17:58,108] [DEBUG]	 - camSaturation = 0.29
[2013-03-10 13:17:58,108] [DEBUG]	 - boundsTopLeft = [0.2, 0.2]
[2013-03-10 13:17:58,108] [DEBUG]	 - boundsBottomLeft = [0.2, 0.8]
[2013-03-10 13:17:58,108] [DEBUG]	 - boundsTopRight = [0.8, 0.2]
[2013-03-10 13:17:58,111] [DEBUG]	 - colorBrightness = 0.5
[2013-03-10 13:17:58,111] [DEBUG]	 - boundsBottomRight = [0.8, 0.8]
[2013-03-10 13:17:58,111] [DEBUG]	 - serverEndpoint = 192.168.1.200:13555
[2013-03-10 13:17:58,111] [DEBUG]	 - colorSaturation = 0.5
[2013-03-10 13:17:58,111] [DEBUG]	 - colorHue = 0.5
[2013-03-10 13:17:58,111] [DEBUG]	 - fadeDelayMs = 200
[2013-03-10 13:17:58,158] [INFO]	TitleBar initialize
[2013-03-10 13:17:58,163] [INFO]	Creating a TitleBarButton: SAMPLER
[2013-03-10 13:17:58,169] [INFO]	Creating a TitleBarButton: COLORS
[2013-03-10 13:17:58,170] [INFO]	Creating a TitleBarButton: SERVER
[2013-03-10 13:17:58,173] [INFO]	StatusBar setup!
[2013-03-10 13:18:00,145] [INFO]	Saving preferences to file: preferences.json
[2013-03-10 13:19:16,442] [INFO]	Loading preferences from file: preferences.json
[2013-03-10 13:19:16,443] [DEBUG]	 - fadeDelayMs = 200
[2013-03-10 13:19:16,443] [DEBUG]	 - colorHue = 0.5
[2013-03-10 13:19:16,443] [DEBUG]	 - serverEndpoint = 192.168.1.200:13555
[2013-03-10 13:19:16,443] [DEBUG]	 - camSaturation = 0.29
[2013-03-10 13:19:16,443] [DEBUG]	 - boundsBottomRight = [0.8, 0.8]
[2013-03-10 13:19:16,443] [DEBUG]	 - boundsTopLeft = [0.2, 0.2]
[2013-03-10 13:19:16,443] [DEBUG]	 - colorBrightness = 0.5
[2013-03-10 13:19:16,446] [DEBUG]	 - windowPos = [0, 0]
[2013-03-10 13:19:16,446] [DEBUG]	 - camGain = 0.83
[2013-03-10 13:19:16,446] [DEBUG]	 - camBrightness = 0.46
[2013-03-10 13:19:16,446] [DEBUG]	 - boundsTopRight = [0.8, 0.2]
[2013-03-10 13:19:16,446] [DEBUG]	 - camContrast = 0.12
[2013-03-10 13:19:16,446] [DEBUG]	 - boundsBottomLeft = [0.2, 0.8]
[2013-03-10 13:19:16,446] [DEBUG]	 - colorSaturation = 0.5
[2013-03-10 13:19:16,493] [INFO]	TitleBar initialize
[2013-03-10 13:19:16,499] [INFO]	Creating a TitleBarButton: SAMPLER
[2013-03-10 13:19:16,504] [INFO]	Creating a TitleBarButton: COLORS
[2013-03-10 13:19:16,506] [INFO]	Creating a TitleBarButton: SERVER
[2013-03-10 13:19:16,508] [INFO]	StatusBar setup!
[2013-03-10 13:19:34,545] [INFO]	Saving preferences to file: preferences.json
[2013-03-10 13:20:13,709] [INFO]	Loading preferences from file: preferences.json
[2013-03-10 13:20:13,710] [DEBUG]	 - fadeDelayMs = 200
[2013-03-10 13:20:13,710] [DEBUG]	 - boundsBottomRight = [0.8, 0.8]
[2013-03-10 13:20:13,710] [DEBUG]	 - boundsTopLeft = [0.2, 0.2]
[2013-03-10 13:20:13,710] [DEBUG]	 - camGain = 0.83
[2013-03-10 13:20:13,710] [DEBUG]	 - boundsTopRight = [0.8, 0.2]
[2013-03-10 13:20:13,710] [DEBUG]	 - colorSaturation = 0.5
[2013-03-10 13:20:13,710] [DEBUG]	 - colorHue = 0.5
[2013-03-10 13:20:13,710] [DEBUG]	 - serverEndpoint = 192.168.1.200:13555
[2013-03-10 13:20:13,712] [DEBUG]	 - colorBrightness = 0.5
[2013-03-10 13:20:13,712] [DEBUG]	 - camBrightness = 0.46
[2013-03-10 13:20:13,712] [DEBUG]	 - camSaturation = 0.29
[2013-03-10 13:20:13,712] [DEBUG]	 - camContrast = 0.12
[2013-03-10 13:20:13,712] [DEBUG]	 - windowPos = [0, 0]
[2013-03-10 13:20:13,712] [DEBUG]	 - boundsBottomLeft = [0.2, 0.8]
[2013-03-10 13:20:13,758] [INFO]	TitleBar initialize
[2013-03-10 13:20:13,763] [INFO]	Creating a TitleBarButton: SAMPLER
[2013-03-10 13:20:13,768] [INFO]	Creating a TitleBarButton: COLORS
[2013-03-10 13:20:13,770] [INFO]	Creating a TitleBarButton: SERVER
[2013-03-10 13:20:13,773] [INFO]	StatusBar setup!
[2013-03-10 13:20:15,337] [INFO]	Saving preferences to file: preferences.json
[2013-03-10 13:20:47,311] [INFO]	Loading preferences from file: preferences.json
[2013-03-10 13:20:47,311] [DEBUG]	 - windowPos = [0, 0]
[2013-03-10 13:20:47,311] [DEBUG]	 - colorBrightness = 0.5
[2013-03-10 13:20:47,311] [DEBUG]	 - serverEndpoint = 192.168.1.200:13555
[2013-03-10 13:20:47,311] [DEBUG]	 - camGain = 0.83
[2013-03-10 13:20:47,311] [DEBUG]	 - boundsTopLeft = [0.2, 0.2]
[2013-03-10 13:20:47,311] [DEBUG]	 - camContrast = 0.12
[2013-03-10 13:20:47,311] [DEBUG]	 - colorHue = 0.5
[2013-03-10 13:20:47,311] [DEBUG]	 - boundsBottomLeft = [0.2, 0.8]
[2013-03-10 13:20:47,316] [DEBUG]	 - camSaturation = 0.29
[2013-03-10 13:20:47,316] [DEBUG]	 - boundsBottomRight = [0.8, 0.8]
[2013-03-10 13:20:47,316] [DEBUG]	 - colorSaturation = 0.5
[2013-03-10 13:20:47,316] [DEBUG]	 - boundsTopRight = [0.8, 0.2]
[2013-03-10 13:20:47,316] [DEBUG]	 - camBrightness = 0.46
[2013-03-10 13:20:47,316] [DEBUG]	 - fadeDelayMs = 200
[2013-03-10 13:20:47,362] [INFO]	TitleBar initialize
[2013-03-10 13:20:47,367] [INFO]	Creating a TitleBarButton: SAMPLER
[2013-03-10 13:20:47,373] [INFO]	Creating a TitleBarButton: COLORS
[2013-03-10 13:20:47,374] [INFO]	Creating a TitleBarButton: SERVER
[2013-03-10 13:20:47,376] [DEBUG]	Sampler button selected
[2013-03-10 13:20:47,377] [INFO]	StatusBar setup!
[2013-03-10 13:20:52,358] [DEBUG]	Colors button selected
[2013-03-10 13:20:53,198] [DEBUG]	Server button selected
[2013-03-10 13:20:58,966] [DEBUG]	Colors button selected
[2013-03-10 13:20:59,566] [DEBUG]	Sampler button selected
[2013-03-10 13:20:59,982] [DEBUG]	Colors button selected
[2013-03-10 13:21:00,446] [DEBUG]	Server button selected
[2013-03-10 13:21:01,751] [DEBUG]	Colors button selected
[2013-03-10 13:21:02,015] [DEBUG]	Sampler button selected
[2013-03-10 13:21:02,463] [DEBUG]	Colors button selected
[2013-03-10 13:21:02,727] [DEBUG]	Server button selected
[2013-03-10 13:21:03,111] [DEBUG]	Colors button selected
[2013-03-10 13:21:03,447] [DEBUG]	Sampler button selected
[2013-03-10 13:21:03,727] [DEBUG]	Colors button selected
[2013-03-10 13:21:04,063] [DEBUG]	Server button selected
[2013-03-10 13:21:04,359] [DEBUG]	Colors button selected
[2013-03-10 13:21:04,711] [DEBUG]	Sampler button selected
[2013-03-10 13:21:09,328] [INFO]	Saving preferences to file: preferences.json
[2013-03-10 13:49:24,880] [INFO]	Loading preferences from file: preferences.json
[2013-03-10 13:49:24,880] [DEBUG]	 - colorBrightness = 0.5
[2013-03-10 13:49:24,880] [DEBUG]	 - camBrightness = 0.46
[2013-03-10 13:49:24,881] [DEBUG]	 - colorSaturation = 0.5
[2013-03-10 13:49:24,881] [DEBUG]	 - camContrast = 0.12
[2013-03-10 13:49:24,881] [DEBUG]	 - boundsBottomRight = [0.8, 0.8]
[2013-03-10 13:49:24,881] [DEBUG]	 - boundsTopLeft = [0.2, 0.2]
[2013-03-10 13:49:24,881] [DEBUG]	 - camGain = 0.83
[2013-03-10 13:49:24,881] [DEBUG]	 - camSaturation = 0.29
[2013-03-10 13:49:24,883] [DEBUG]	 - windowPos = [0, 0]
[2013-03-10 13:49:24,883] [DEBUG]	 - boundsTopRight = [0.8, 0.2]
[2013-03-10 13:49:24,883] [DEBUG]	 - boundsBottomLeft = [0.2, 0.8]
[2013-03-10 13:49:24,883] [DEBUG]	 - fadeDelayMs = 200
[2013-03-10 13:49:24,883] [DEBUG]	 - colorHue = 0.5
[2013-03-10 13:49:24,883] [DEBUG]	 - serverEndpoint = 192.168.1.200:13555
[2013-03-10 13:49:24,929] [INFO]	TitleBar initialize
[2013-03-10 13:49:24,935] [INFO]	Creating a TitleBarButton: SAMPLER
[2013-03-10 13:49:24,941] [INFO]	Creating a TitleBarButton: COLORS
[2013-03-10 13:49:24,942] [INFO]	Creating a TitleBarButton: SERVER
[2013-03-10 13:49:24,944] [DEBUG]	Sampler button selected
[2013-03-10 13:49:24,945] [INFO]	StatusBar setup!
[2013-03-10 13:52:03,967] [INFO]	Loading preferences from file: preferences.json
[2013-03-10 13:52:03,968] [DEBUG]	 - colorHue = 0.5
[2013-03-10 13:52:03,968] [DEBUG]	 - camSaturation = 0.29
[2013-03-10 13:52:03,968] [DEBUG]	 - camBrightness = 0.46
[2013-03-10 13:52:03,968] [DEBUG]	 - boundsBottomRight = [0.8, 0.8]
[2013-03-10 13:52:03,968] [DEBUG]	 - fadeDelayMs = 200
[2013-03-10 13:52:03,968] [DEBUG]	 - colorBrightness = 0.5
[2013-03-10 13:52:03,968] [DEBUG]	 - boundsTopLeft = [0.2, 0.2]
[2013-03-10 13:52:03,968] [DEBUG]	 - boundsBottomLeft = [0.2, 0.8]
[2013-03-10 13:52:03,969] [DEBUG]	 - colorSaturation = 0.5
[2013-03-10 13:52:03,969] [DEBUG]	 - camGain = 0.83
[2013-03-10 13:52:03,969] [DEBUG]	 - boundsTopRight = [0.8, 0.2]
[2013-03-10 13:52:03,969] [DEBUG]	 - windowPos = [0, 0]
[2013-03-10 13:52:03,969] [DEBUG]	 - serverEndpoint = 192.168.1.200:13555
[2013-03-10 13:52:03,969] [DEBUG]	 - camContrast = 0.12
[2013-03-10 13:52:04,016] [INFO]	TitleBar initialize
[2013-03-10 13:52:04,021] [INFO]	Creating a TitleBarButton: SAMPLER
[2013-03-10 13:52:04,026] [INFO]	Creating a TitleBarButton: COLORS
[2013-03-10 13:52:04,028] [INFO]	Creating a TitleBarButton: SERVER
[2013-03-10 13:52:04,030] [DEBUG]	Sampler button selected
[2013-03-10 13:52:04,031] [INFO]	StatusBar setup!
[2013-03-10 13:53:44,660] [INFO]	Loading preferences from file: preferences.json
[2013-03-10 13:53:44,661] [DEBUG]	 - fadeDelayMs = 200
[2013-03-10 13:53:44,661] [DEBUG]	 - boundsTopRight = [0.8, 0.2]
[2013-03-10 13:53:44,661] [DEBUG]	 - boundsTopLeft = [0.2, 0.2]
[2013-03-10 13:53:44,661] [DEBUG]	 - camGain = 0.83
[2013-03-10 13:53:44,661] [DEBUG]	 - windowPos = [0, 0]
[2013-03-10 13:53:44,661] [DEBUG]	 - boundsBottomRight = [0.8, 0.8]
[2013-03-10 13:53:44,661] [DEBUG]	 - serverEndpoint = 192.168.1.200:13555
[2013-03-10 13:53:44,661] [DEBUG]	 - boundsBottomLeft = [0.2, 0.8]
[2013-03-10 13:53:44,661] [DEBUG]	 - camContrast = 0.12
[2013-03-10 13:53:44,661] [DEBUG]	 - colorHue = 0.5
[2013-03-10 13:53:44,662] [DEBUG]	 - camBrightness = 0.46
[2013-03-10 13:53:44,662] [DEBUG]	 - colorSaturation = 0.5
[2013-03-10 13:53:44,662] [DEBUG]	 - camSaturation = 0.29
[2013-03-10 13:53:44,662] [DEBUG]	 - colorBrightness = 0.5
[2013-03-10 13:53:44,706] [INFO]	TitleBar initialize
[2013-03-10 13:53:44,711] [INFO]	Creating a TitleBarButton: SAMPLER
[2013-03-10 13:53:44,716] [INFO]	Creating a TitleBarButton: COLORS
[2013-03-10 13:53:44,717] [INFO]	Creating a TitleBarButton: SERVER
[2013-03-10 13:53:44,719] [DEBUG]	Sampler button selected
[2013-03-10 13:53:44,720] [INFO]	StatusBar setup!
[2013-03-10 13:54:33,128] [INFO]	Loading preferences from file: preferences.json
[2013-03-10 13:54:33,128] [DEBUG]	 - colorBrightness = 0.5
[2013-03-10 13:54:33,129] [DEBUG]	 - camBrightness = 0.46
[2013-03-10 13:54:33,129] [DEBUG]	 - colorSaturation = 0.5
[2013-03-10 13:54:33,129] [DEBUG]	 - colorHue = 0.5
[2013-03-10 13:54:33,129] [DEBUG]	 - boundsTopRight = [0.8, 0.2]
[2013-03-10 13:54:33,129] [DEBUG]	 - windowPos = [0, 0]
[2013-03-10 13:54:33,129] [DEBUG]	 - camSaturation = 0.29
[2013-03-10 13:54:33,129] [DEBUG]	 - boundsBottomRight = [0.8, 0.8]
[2013-03-10 13:54:33,132] [DEBUG]	 - boundsTopLeft = [0.2, 0.2]
[2013-03-10 13:54:33,132] [DEBUG]	 - boundsBottomLeft = [0.2, 0.8]
[2013-03-10 13:54:33,132] [DEBUG]	 - camContrast = 0.12
[2013-03-10 13:54:33,132] [DEBUG]	 - fadeDelayMs = 200
[2013-03-10 13:54:33,132] [DEBUG]	 - serverEndpoint = 192.168.1.200:13555
[2013-03-10 13:54:33,132] [DEBUG]	 - camGain = 0.83
[2013-03-10 13:54:33,179] [INFO]	TitleBar initialize
[2013-03-10 13:54:33,184] [INFO]	Creating a TitleBarButton: SAMPLER
[2013-03-10 13:54:33,189] [INFO]	Creating a TitleBarButton: COLORS
[2013-03-10 13:54:33,191] [INFO]	Creating a TitleBarButton: SERVER
[2013-03-10 13:54:33,193] [DEBUG]	Sampler button selected
[2013-03-10 13:54:33,194] [INFO]	StatusBar setup!
[2013-03-10 13:54:52,111] [INFO]	Loading preferences from file: preferences.json
[2013-03-10 13:54:52,112] [DEBUG]	 - colorBrightness = 0.5
[2013-03-10 13:54:52,112] [DEBUG]	 - boundsTopRight = [0.8, 0.2]
[2013-03-10 13:54:52,112] [DEBUG]	 - boundsBottomLeft = [0.2, 0.8]
[2013-03-10 13:54:52,112] [DEBUG]	 - colorSaturation = 0.5
[2013-03-10 13:54:52,112] [DEBUG]	 - boundsBottomRight = [0.8, 0.8]
[2013-03-10 13:54:52,112] [DEBUG]	 - serverEndpoint = 192.168.1.200:13555
[2013-03-10 13:54:52,112] [DEBUG]	 - camBrightness = 0.46
[2013-03-10 13:54:52,114] [DEBUG]	 - boundsTopLeft = [0.2, 0.2]
[2013-03-10 13:54:52,114] [DEBUG]	 - camSaturation = 0.29
[2013-03-10 13:54:52,114] [DEBUG]	 - colorHue = 0.5
[2013-03-10 13:54:52,114] [DEBUG]	 - windowPos = [0, 0]
[2013-03-10 13:54:52,114] [DEBUG]	 - camContrast = 0.12
[2013-03-10 13:54:52,114] [DEBUG]	 - camGain = 0.83
[2013-03-10 13:54:52,114] [DEBUG]	 - fadeDelayMs = 200
[2013-03-10 13:54:52,159] [INFO]	TitleBar initialize
[2013-03-10 13:54:52,164] [INFO]	Creating a TitleBarButton: SAMPLER
[2013-03-10 13:54:52,170] [INFO]	Creating a TitleBarButton: COLORS
[2013-03-10 13:54:52,171] [INFO]	Creating a TitleBarButton: SERVER
[2013-03-10 13:54:52,173] [DEBUG]	Sampler button selected
[2013-03-10 13:54:52,174] [INFO]	StatusBar setup!
[2013-03-10 14:00:19,683] [INFO]	Loading preferences from file: preferences.json
[2013-03-10 14:00:19,683] [DEBUG]	 - colorHue = 0.5
[2013-03-10 14:00:19,683] [DEBUG]	 - camSaturation = 0.29
[2013-03-10 14:00:19,683] [DEBUG]	 - camBrightness = 0.46
[2013-03-10 14:00:19,683] [DEBUG]	 - boundsBottomRight = [0.8, 0.8]
[2013-03-10 14:00:19,683] [DEBUG]	 - fadeDelayMs = 200
[2013-03-10 14:00:19,683] [DEBUG]	 - colorBrightness = 0.5
[2013-03-10 14:00:19,683] [DEBUG]	 - boundsTopLeft = [0.2, 0.2]
[2013-03-10 14:00:19,684] [DEBUG]	 - boundsBottomLeft = [0.2, 0.8]
[2013-03-10 14:00:19,684] [DEBUG]	 - colorSaturation = 0.5
[2013-03-10 14:00:19,684] [DEBUG]	 - camGain = 0.83
[2013-03-10 14:00:19,684] [DEBUG]	 - boundsTopRight = [0.8, 0.2]
[2013-03-10 14:00:19,684] [DEBUG]	 - serverEndpoint = 192.168.1.200:13555
[2013-03-10 14:00:19,684] [DEBUG]	 - camContrast = 0.12
[2013-03-10 14:00:19,684] [DEBUG]	 - windowPos = [0, 0]
[2013-03-10 14:00:19,729] [INFO]	TitleBar initialize
[2013-03-10 14:00:19,734] [INFO]	Creating a TitleBarButton: SAMPLER
[2013-03-10 14:00:19,739] [INFO]	Creating a TitleBarButton: COLORS
[2013-03-10 14:00:19,741] [INFO]	Creating a TitleBarButton: SERVER
[2013-03-10 14:00:19,742] [DEBUG]	Sampler button selected
[2013-03-10 14:00:19,744] [INFO]	StatusBar setup!
[2013-03-10 14:00:46,380] [INFO]	Loading preferences from file: preferences.json
[2013-03-10 14:00:46,381] [DEBUG]	 - camContrast = 0.12
[2013-03-10 14:00:46,381] [DEBUG]	 - camGain = 0.83
[2013-03-10 14:00:46,381] [DEBUG]	 - boundsTopLeft = [0.2, 0.2]
[2013-03-10 14:00:46,381] [DEBUG]	 - colorBrightness = 0.5
[2013-03-10 14:00:46,381] [DEBUG]	 - serverEndpoint = 192.168.1.200:13555
[2013-03-10 14:00:46,381] [DEBUG]	 - camBrightness = 0.46
[2013-03-10 14:00:46,381] [DEBUG]	 - fadeDelayMs = 200
[2013-03-10 14:00:46,381] [DEBUG]	 - boundsTopRight = [0.8, 0.2]
[2013-03-10 14:00:46,383] [DEBUG]	 - windowPos = [0, 0]
[2013-03-10 14:00:46,383] [DEBUG]	 - colorSaturation = 0.5
[2013-03-10 14:00:46,383] [DEBUG]	 - boundsBottomRight = [0.8, 0.8]
[2013-03-10 14:00:46,383] [DEBUG]	 - camSaturation = 0.29
[2013-03-10 14:00:46,383] [DEBUG]	 - boundsBottomLeft = [0.2, 0.8]
[2013-03-10 14:00:46,383] [DEBUG]	 - colorHue = 0.5
[2013-03-10 14:00:46,429] [INFO]	TitleBar initialize
[2013-03-10 14:00:46,434] [INFO]	Creating a TitleBarButton: SAMPLER
[2013-03-10 14:00:46,439] [INFO]	Creating a TitleBarButton: COLORS
[2013-03-10 14:00:46,441] [INFO]	Creating a TitleBarButton: SERVER
[2013-03-10 14:00:46,442] [DEBUG]	Sampler button selected
[2013-03-10 14:00:46,444] [INFO]	StatusBar setup!
[2013-03-10 14:02:59,733] [INFO]	Loading preferences from file: preferences.json
[2013-03-10 14:02:59,733] [DEBUG]	 - colorHue = 0.5
[2013-03-10 14:02:59,733] [DEBUG]	 - fadeDelayMs = 200
[2013-03-10 14:02:59,733] [DEBUG]	 - windowPos = [0, 0]
[2013-03-10 14:02:59,733] [DEBUG]	 - boundsBottomRight = [0.8, 0.8]
[2013-03-10 14:02:59,733] [DEBUG]	 - colorSaturation = 0.5
[2013-03-10 14:02:59,733] [DEBUG]	 - camContrast = 0.12
[2013-03-10 14:02:59,733] [DEBUG]	 - boundsBottomLeft = [0.2, 0.8]
[2013-03-10 14:02:59,734] [DEBUG]	 - serverEndpoint = 192.168.1.200:13555
[2013-03-10 14:02:59,736] [DEBUG]	 - colorBrightness = 0.5
[2013-03-10 14:02:59,736] [DEBUG]	 - camSaturation = 0.29
[2013-03-10 14:02:59,736] [DEBUG]	 - boundsTopLeft = [0.2, 0.2]
[2013-03-10 14:02:59,736] [DEBUG]	 - camBrightness = 0.46
[2013-03-10 14:02:59,736] [DEBUG]	 - camGain = 0.83
[2013-03-10 14:02:59,736] [DEBUG]	 - boundsTopRight = [0.8, 0.2]
[2013-03-10 14:02:59,781] [INFO]	TitleBar initialize
[2013-03-10 14:02:59,787] [INFO]	Creating a TitleBarButton: SAMPLER
[2013-03-10 14:02:59,792] [INFO]	Creating a TitleBarButton: COLORS
[2013-03-10 14:02:59,794] [INFO]	Creating a TitleBarButton: SERVER
[2013-03-10 14:02:59,796] [DEBUG]	Sampler button selected
[2013-03-10 14:02:59,797] [INFO]	StatusBar setup!
[2013-03-10 14:03:30,058] [WARNING]	SHIZ
[2013-03-10 14:03:30,058] [WARNING]	None
[2013-03-10 14:03:30,058] [INFO]	Loading preferences from file: preferences.json
[2013-03-10 14:03:30,058] [DEBUG]	 - camBrightness = 0.46
[2013-03-10 14:03:30,058] [DEBUG]	 - fadeDelayMs = 200
[2013-03-10 14:03:30,059] [DEBUG]	 - boundsTopRight = [0.8, 0.2]
[2013-03-10 14:03:30,059] [DEBUG]	 - colorSaturation = 0.5
[2013-03-10 14:03:30,059] [DEBUG]	 - boundsBottomRight = [0.8, 0.8]
[2013-03-10 14:03:30,059] [DEBUG]	 - camSaturation = 0.29
[2013-03-10 14:03:30,059] [DEBUG]	 - boundsBottomLeft = [0.2, 0.8]
[2013-03-10 14:03:30,059] [DEBUG]	 - camContrast = 0.12
[2013-03-10 14:03:30,059] [DEBUG]	 - camGain = 0.83
[2013-03-10 14:03:30,059] [DEBUG]	 - boundsTopLeft = [0.2, 0.2]
[2013-03-10 14:03:30,059] [DEBUG]	 - colorHue = 0.5
[2013-03-10 14:03:30,059] [DEBUG]	 - serverEndpoint = 192.168.1.200:13555
[2013-03-10 14:03:30,060] [DEBUG]	 - colorBrightness = 0.5
[2013-03-10 14:03:30,060] [DEBUG]	 - windowPos = [0, 0]
[2013-03-10 14:03:30,105] [INFO]	TitleBar initialize
[2013-03-10 14:03:30,111] [INFO]	Creating a TitleBarButton: SAMPLER
[2013-03-10 14:03:30,117] [INFO]	Creating a TitleBarButton: COLORS
[2013-03-10 14:03:30,118] [INFO]	Creating a TitleBarButton: SERVER
[2013-03-10 14:03:30,120] [DEBUG]	Sampler button selected
[2013-03-10 14:03:30,121] [INFO]	StatusBar setup!
[2013-03-10 14:04:29,671] [INFO]	Loading preferences from file: preferences.json
[2013-03-10 14:04:29,671] [DEBUG]	 - boundsTopRight = [0.8, 0.2]
[2013-03-10 14:04:29,671] [DEBUG]	 - camBrightness = 0.46
[2013-03-10 14:04:29,671] [DEBUG]	 - colorSaturation = 0.5
[2013-03-10 14:04:29,671] [DEBUG]	 - camContrast = 0.12
[2013-03-10 14:04:29,671] [DEBUG]	 - colorBrightness = 0.5
[2013-03-10 14:04:29,671] [DEBUG]	 - windowPos = [0, 0]
[2013-03-10 14:04:29,671] [DEBUG]	 - fadeDelayMs = 200
[2013-03-10 14:04:29,672] [DEBUG]	 - camGain = 0.83
[2013-03-10 14:04:29,676] [DEBUG]	 - boundsTopLeft = [0.2, 0.2]
[2013-03-10 14:04:29,676] [DEBUG]	 - colorHue = 0.5
[2013-03-10 14:04:29,676] [DEBUG]	 - serverEndpoint = 192.168.1.200:13555
[2013-03-10 14:04:29,676] [DEBUG]	 - boundsBottomRight = [0.8, 0.8]
[2013-03-10 14:04:29,676] [DEBUG]	 - boundsBottomLeft = [0.2, 0.8]
[2013-03-10 14:04:29,676] [DEBUG]	 - camSaturation = 0.29
[2013-03-10 14:04:29,680] [WARNING]	SHIZ
[2013-03-10 14:04:29,680] [WARNING]	<preferences.Preferences object at 0x0000000002C622B0>
[2013-03-10 14:04:29,727] [INFO]	TitleBar initialize
[2013-03-10 14:04:29,732] [INFO]	Creating a TitleBarButton: SAMPLER
[2013-03-10 14:04:29,737] [INFO]	Creating a TitleBarButton: COLORS
[2013-03-10 14:04:29,739] [INFO]	Creating a TitleBarButton: SERVER
[2013-03-10 14:04:29,740] [DEBUG]	Sampler button selected
[2013-03-10 14:04:29,742] [INFO]	StatusBar setup!
[2013-03-10 14:05:19,287] [INFO]	Loading preferences from file: preferences.json
[2013-03-10 14:05:19,288] [DEBUG]	 - camBrightness = 0.46
[2013-03-10 14:05:19,288] [DEBUG]	 - boundsTopRight = [0.8, 0.2]
[2013-03-10 14:05:19,288] [DEBUG]	 - windowPos = [0, 0]
[2013-03-10 14:05:19,288] [DEBUG]	 - boundsBottomLeft = [0.2, 0.8]
[2013-03-10 14:05:19,288] [DEBUG]	 - boundsTopLeft = [0.2, 0.2]
[2013-03-10 14:05:19,288] [DEBUG]	 - colorSaturation = 0.5
[2013-03-10 14:05:19,288] [DEBUG]	 - camSaturation = 0.29
[2013-03-10 14:05:19,288] [DEBUG]	 - boundsBottomRight = [0.8, 0.8]
[2013-03-10 14:05:19,288] [DEBUG]	 - serverEndpoint = 192.168.1.200:13555
[2013-03-10 14:05:19,289] [DEBUG]	 - camContrast = 0.12
[2013-03-10 14:05:19,289] [DEBUG]	 - fadeDelayMs = 200
[2013-03-10 14:05:19,289] [DEBUG]	 - colorHue = 0.5
[2013-03-10 14:05:19,289] [DEBUG]	 - colorBrightness = 0.5
[2013-03-10 14:05:19,289] [DEBUG]	 - camGain = 0.83
[2013-03-10 14:05:19,296] [WARNING]	SHIZ
[2013-03-10 14:05:19,296] [WARNING]	<preferences.Preferences object at 0x0000000002D082B0>
[2013-03-10 14:05:19,342] [INFO]	TitleBar initialize
[2013-03-10 14:05:19,348] [INFO]	Creating a TitleBarButton: SAMPLER
[2013-03-10 14:05:19,353] [INFO]	Creating a TitleBarButton: COLORS
[2013-03-10 14:05:19,354] [INFO]	Creating a TitleBarButton: SERVER
[2013-03-10 14:05:19,356] [DEBUG]	Sampler button selected
[2013-03-10 14:05:19,357] [INFO]	StatusBar setup!
[2013-03-10 14:06:41,709] [INFO]	Loading preferences from file: preferences.json
[2013-03-10 14:06:41,709] [DEBUG]	 - fadeDelayMs = 200
[2013-03-10 14:06:41,709] [DEBUG]	 - colorBrightness = 0.5
[2013-03-10 14:06:41,709] [DEBUG]	 - colorHue = 0.5
[2013-03-10 14:06:41,709] [DEBUG]	 - camGain = 0.83
[2013-03-10 14:06:41,710] [DEBUG]	 - boundsTopRight = [0.8, 0.2]
[2013-03-10 14:06:41,710] [DEBUG]	 - windowPos = [0, 0]
[2013-03-10 14:06:41,710] [DEBUG]	 - camSaturation = 0.29
[2013-03-10 14:06:41,710] [DEBUG]	 - boundsBottomRight = [0.8, 0.8]
[2013-03-10 14:06:41,713] [DEBUG]	 - boundsTopLeft = [0.2, 0.2]
[2013-03-10 14:06:41,713] [DEBUG]	 - boundsBottomLeft = [0.2, 0.8]
[2013-03-10 14:06:41,713] [DEBUG]	 - camContrast = 0.12
[2013-03-10 14:06:41,713] [DEBUG]	 - camBrightness = 0.46
[2013-03-10 14:06:41,713] [DEBUG]	 - colorSaturation = 0.5
[2013-03-10 14:06:41,713] [DEBUG]	 - serverEndpoint = 192.168.1.200:13555
[2013-03-10 14:06:41,720] [WARNING]	SHIZ
[2013-03-10 14:06:41,720] [WARNING]	<preferences.Preferences object at 0x0000000002CB42B0>
[2013-03-10 14:06:41,766] [INFO]	TitleBar initialize
[2013-03-10 14:06:41,772] [INFO]	Creating a TitleBarButton: SAMPLER
[2013-03-10 14:06:41,777] [INFO]	Creating a TitleBarButton: COLORS
[2013-03-10 14:06:41,778] [INFO]	Creating a TitleBarButton: SERVER
[2013-03-10 14:06:41,780] [DEBUG]	Sampler button selected
[2013-03-10 14:06:41,781] [INFO]	StatusBar setup!
[2013-03-10 14:06:54,986] [INFO]	Loading preferences from file: preferences.json
[2013-03-10 14:06:54,987] [DEBUG]	 - boundsBottomLeft = [0.2, 0.8]
[2013-03-10 14:06:54,987] [DEBUG]	 - boundsBottomRight = [0.8, 0.8]
[2013-03-10 14:06:54,987] [DEBUG]	 - colorHue = 0.5
[2013-03-10 14:06:54,987] [DEBUG]	 - camContrast = 0.12
[2013-03-10 14:06:54,987] [DEBUG]	 - colorSaturation = 0.5
[2013-03-10 14:06:54,987] [DEBUG]	 - camBrightness = 0.46
[2013-03-10 14:06:54,987] [DEBUG]	 - colorBrightness = 0.5
[2013-03-10 14:06:54,987] [DEBUG]	 - camSaturation = 0.29
[2013-03-10 14:06:54,992] [DEBUG]	 - fadeDelayMs = 200
[2013-03-10 14:06:54,992] [DEBUG]	 - boundsTopLeft = [0.2, 0.2]
[2013-03-10 14:06:54,992] [DEBUG]	 - camGain = 0.83
[2013-03-10 14:06:54,992] [DEBUG]	 - boundsTopRight = [0.8, 0.2]
[2013-03-10 14:06:54,992] [DEBUG]	 - serverEndpoint = 192.168.1.200:13555
[2013-03-10 14:06:54,992] [DEBUG]	 - windowPos = [0, 0]
[2013-03-10 14:06:54,999] [WARNING]	SHIZ
[2013-03-10 14:06:54,999] [WARNING]	<preferences.Preferences object at 0x0000000002C022B0>
[2013-03-10 14:06:55,043] [INFO]	TitleBar initialize
[2013-03-10 14:06:55,048] [INFO]	Creating a TitleBarButton: SAMPLER
[2013-03-10 14:06:55,053] [INFO]	Creating a TitleBarButton: COLORS
[2013-03-10 14:06:55,054] [INFO]	Creating a TitleBarButton: SERVER
[2013-03-10 14:06:55,056] [DEBUG]	Sampler button selected
[2013-03-10 14:06:55,057] [INFO]	StatusBar setup!
[2013-03-10 14:07:01,644] [INFO]	Saving preferences to file: preferences.json
[2013-03-10 14:08:18,200] [INFO]	Loading preferences from file: preferences.json
[2013-03-10 14:08:18,200] [DEBUG]	 - camGain = 0.83
[2013-03-10 14:08:18,200] [DEBUG]	 - boundsTopLeft = [0.2, 0.2]
[2013-03-10 14:08:18,200] [DEBUG]	 - camContrast = 0.12
[2013-03-10 14:08:18,201] [DEBUG]	 - colorBrightness = 0.5
[2013-03-10 14:08:18,201] [DEBUG]	 - colorHue = 0.5
[2013-03-10 14:08:18,201] [DEBUG]	 - serverEndpoint = 192.168.1.200:13555
[2013-03-10 14:08:18,201] [DEBUG]	 - colorSaturation = 0.5
[2013-03-10 14:08:18,201] [DEBUG]	 - boundsTopRight = [0.8, 0.2]
[2013-03-10 14:08:18,204] [DEBUG]	 - camBrightness = 0.46
[2013-03-10 14:08:18,204] [DEBUG]	 - fadeDelayMs = 200
[2013-03-10 14:08:18,204] [DEBUG]	 - boundsBottomLeft = [0.2, 0.8]
[2013-03-10 14:08:18,204] [DEBUG]	 - camSaturation = 0.29
[2013-03-10 14:08:18,204] [DEBUG]	 - boundsBottomRight = [0.8, 0.8]
[2013-03-10 14:08:18,204] [DEBUG]	 - windowPos = [0, 0]
[2013-03-10 14:08:18,256] [INFO]	TitleBar initialize
[2013-03-10 14:08:18,261] [INFO]	Creating a TitleBarButton: SAMPLER
[2013-03-10 14:08:18,266] [INFO]	Creating a TitleBarButton: COLORS
[2013-03-10 14:08:18,268] [INFO]	Creating a TitleBarButton: SERVER
[2013-03-10 14:08:18,270] [DEBUG]	Sampler button selected
[2013-03-10 14:08:18,271] [INFO]	StatusBar setup!
[2013-03-10 14:08:18,272] [DEBUG]	...Adding bounds node with position [0.2, 0.2]
[2013-03-10 14:08:18,272] [DEBUG]	...Adding bounds node with position [0.8, 0.2]
[2013-03-10 14:08:18,272] [DEBUG]	...Adding bounds node with position [0.8, 0.8]
[2013-03-10 14:08:18,272] [DEBUG]	...Adding bounds node with position [0.2, 0.8]
[2013-03-10 14:08:44,543] [INFO]	Loading preferences from file: preferences.json
[2013-03-10 14:08:44,544] [DEBUG]	 - serverEndpoint = 192.168.1.200:13555
[2013-03-10 14:08:44,544] [DEBUG]	 - boundsBottomRight = [0.8, 0.8]
[2013-03-10 14:08:44,544] [DEBUG]	 - colorHue = 0.5
[2013-03-10 14:08:44,544] [DEBUG]	 - fadeDelayMs = 200
[2013-03-10 14:08:44,544] [DEBUG]	 - camSaturation = 0.29
[2013-03-10 14:08:44,544] [DEBUG]	 - boundsTopRight = [0.8, 0.2]
[2013-03-10 14:08:44,544] [DEBUG]	 - camBrightness = 0.46
[2013-03-10 14:08:44,544] [DEBUG]	 - colorSaturation = 0.5
[2013-03-10 14:08:44,544] [DEBUG]	 - boundsBottomLeft = [0.2, 0.8]
[2013-03-10 14:08:44,545] [DEBUG]	 - camContrast = 0.12
[2013-03-10 14:08:44,545] [DEBUG]	 - colorBrightness = 0.5
[2013-03-10 14:08:44,545] [DEBUG]	 - boundsTopLeft = [0.2, 0.2]
[2013-03-10 14:08:44,545] [DEBUG]	 - camGain = 0.83
[2013-03-10 14:08:44,545] [DEBUG]	 - windowPos = [0, 0]
[2013-03-10 14:08:44,597] [INFO]	TitleBar initialize
[2013-03-10 14:08:44,603] [INFO]	Creating a TitleBarButton: SAMPLER
[2013-03-10 14:08:44,608] [INFO]	Creating a TitleBarButton: COLORS
[2013-03-10 14:08:44,609] [INFO]	Creating a TitleBarButton: SERVER
[2013-03-10 14:08:44,611] [DEBUG]	Sampler button selected
[2013-03-10 14:08:44,612] [INFO]	StatusBar setup!
[2013-03-10 14:08:44,612] [INFO]	Initializing Sampler
[2013-03-10 14:08:44,613] [DEBUG]	...Adding bounds node with position [0.2, 0.2]
[2013-03-10 14:08:44,613] [DEBUG]	...Adding bounds node with position [0.8, 0.2]
[2013-03-10 14:08:44,613] [DEBUG]	...Adding bounds node with position [0.8, 0.8]
[2013-03-10 14:08:44,613] [DEBUG]	...Adding bounds node with position [0.2, 0.8]
[2013-03-10 14:09:07,380] [INFO]	Loading preferences from file: preferences.json
[2013-03-10 14:09:07,380] [DEBUG]	 - colorBrightness = 0.5
[2013-03-10 14:09:07,380] [DEBUG]	 - colorSaturation = 0.5
[2013-03-10 14:09:07,380] [DEBUG]	 - camBrightness = 0.46
[2013-03-10 14:09:07,380] [DEBUG]	 - fadeDelayMs = 200
[2013-03-10 14:09:07,380] [DEBUG]	 - colorHue = 0.5
[2013-03-10 14:09:07,381] [DEBUG]	 - windowPos = [0, 0]
[2013-03-10 14:09:07,381] [DEBUG]	 - boundsTopRight = [0.8, 0.2]
[2013-03-10 14:09:07,381] [DEBUG]	 - boundsTopLeft = [0.2, 0.2]
[2013-03-10 14:09:07,385] [DEBUG]	 - boundsBottomRight = [0.8, 0.8]
[2013-03-10 14:09:07,385] [DEBUG]	 - camSaturation = 0.29
[2013-03-10 14:09:07,385] [DEBUG]	 - camContrast = 0.12
[2013-03-10 14:09:07,385] [DEBUG]	 - camGain = 0.83
[2013-03-10 14:09:07,385] [DEBUG]	 - boundsBottomLeft = [0.2, 0.8]
[2013-03-10 14:09:07,385] [DEBUG]	 - serverEndpoint = 192.168.1.200:13555
[2013-03-10 14:09:07,439] [INFO]	TitleBar initialize
[2013-03-10 14:09:07,444] [INFO]	Creating a TitleBarButton: SAMPLER
[2013-03-10 14:09:07,449] [INFO]	Creating a TitleBarButton: COLORS
[2013-03-10 14:09:07,451] [INFO]	Creating a TitleBarButton: SERVER
[2013-03-10 14:09:07,453] [DEBUG]	Sampler button selected
[2013-03-10 14:09:07,453] [INFO]	Initializing StatusBar
[2013-03-10 14:09:07,454] [INFO]	Initializing Sampler
[2013-03-10 14:09:07,455] [DEBUG]	...Adding bounds node with position [0.2, 0.2]
[2013-03-10 14:09:07,455] [DEBUG]	...Adding bounds node with position [0.8, 0.2]
[2013-03-10 14:09:07,455] [DEBUG]	...Adding bounds node with position [0.8, 0.8]
[2013-03-10 14:09:07,455] [DEBUG]	...Adding bounds node with position [0.2, 0.8]
[2013-03-10 14:09:40,941] [INFO]	Loading preferences from file: preferences.json
[2013-03-10 14:09:40,941] [DEBUG]	 - boundsBottomLeft = [0.2, 0.8]
[2013-03-10 14:09:40,941] [DEBUG]	 - fadeDelayMs = 200
[2013-03-10 14:09:40,941] [DEBUG]	 - boundsBottomRight = [0.8, 0.8]
[2013-03-10 14:09:40,941] [DEBUG]	 - serverEndpoint = 192.168.1.200:13555
[2013-03-10 14:09:40,941] [DEBUG]	 - windowPos = [0, 0]
[2013-03-10 14:09:40,941] [DEBUG]	 - boundsTopLeft = [0.2, 0.2]
[2013-03-10 14:09:40,941] [DEBUG]	 - camGain = 0.83
[2013-03-10 14:09:40,946] [DEBUG]	 - camContrast = 0.12
[2013-03-10 14:09:40,946] [DEBUG]	 - colorSaturation = 0.5
[2013-03-10 14:09:40,946] [DEBUG]	 - boundsTopRight = [0.8, 0.2]
[2013-03-10 14:09:40,946] [DEBUG]	 - camBrightness = 0.46
[2013-03-10 14:09:40,946] [DEBUG]	 - colorBrightness = 0.5
[2013-03-10 14:09:40,946] [DEBUG]	 - camSaturation = 0.29
[2013-03-10 14:09:40,946] [DEBUG]	 - colorHue = 0.5
[2013-03-10 14:09:41,001] [INFO]	TitleBar initialize
[2013-03-10 14:09:41,006] [INFO]	...creating a TitleBarButton: SAMPLER
[2013-03-10 14:09:41,011] [INFO]	...creating a TitleBarButton: COLORS
[2013-03-10 14:09:41,013] [INFO]	...creating a TitleBarButton: SERVER
[2013-03-10 14:09:41,015] [DEBUG]	Sampler button selected
[2013-03-10 14:09:41,015] [INFO]	Initializing StatusBar
[2013-03-10 14:09:41,016] [INFO]	Initializing Sampler
[2013-03-10 14:09:41,017] [DEBUG]	...adding bounds node with position [0.2, 0.2]
[2013-03-10 14:09:41,017] [DEBUG]	...adding bounds node with position [0.8, 0.2]
[2013-03-10 14:09:41,017] [DEBUG]	...adding bounds node with position [0.8, 0.8]
[2013-03-10 14:09:41,017] [DEBUG]	...adding bounds node with position [0.2, 0.8]
[2013-03-10 14:09:59,071] [INFO]	Loading preferences from file: preferences.json
[2013-03-10 14:09:59,072] [DEBUG]	 - colorSaturation = 0.5
[2013-03-10 14:09:59,072] [DEBUG]	 - camBrightness = 0.46
[2013-03-10 14:09:59,072] [DEBUG]	 - colorHue = 0.5
[2013-03-10 14:09:59,072] [DEBUG]	 - colorBrightness = 0.5
[2013-03-10 14:09:59,072] [DEBUG]	 - fadeDelayMs = 200
[2013-03-10 14:09:59,072] [DEBUG]	 - camContrast = 0.12
[2013-03-10 14:09:59,072] [DEBUG]	 - boundsBottomLeft = [0.2, 0.8]
[2013-03-10 14:09:59,072] [DEBUG]	 - camGain = 0.83
[2013-03-10 14:09:59,075] [DEBUG]	 - serverEndpoint = 192.168.1.200:13555
[2013-03-10 14:09:59,075] [DEBUG]	 - windowPos = [0, 0]
[2013-03-10 14:09:59,075] [DEBUG]	 - boundsTopRight = [0.8, 0.2]
[2013-03-10 14:09:59,075] [DEBUG]	 - boundsTopLeft = [0.2, 0.2]
[2013-03-10 14:09:59,075] [DEBUG]	 - camSaturation = 0.29
[2013-03-10 14:09:59,075] [DEBUG]	 - boundsBottomRight = [0.8, 0.8]
[2013-03-10 14:09:59,130] [INFO]	Initializing TitleBar
[2013-03-10 14:09:59,136] [INFO]	...creating a TitleBarButton: SAMPLER
[2013-03-10 14:09:59,141] [INFO]	...creating a TitleBarButton: COLORS
[2013-03-10 14:09:59,143] [INFO]	...creating a TitleBarButton: SERVER
[2013-03-10 14:09:59,144] [DEBUG]	Sampler button selected
[2013-03-10 14:09:59,144] [INFO]	Initializing StatusBar
[2013-03-10 14:09:59,145] [INFO]	Initializing Sampler
[2013-03-10 14:09:59,146] [DEBUG]	...adding bounds node with position [0.2, 0.2]
[2013-03-10 14:09:59,147] [DEBUG]	...adding bounds node with position [0.8, 0.2]
[2013-03-10 14:09:59,147] [DEBUG]	...adding bounds node with position [0.8, 0.8]
[2013-03-10 14:09:59,147] [DEBUG]	...adding bounds node with position [0.2, 0.8]
[2013-03-10 14:10:33,627] [INFO]	Saving preferences to file: preferences.json
[2013-03-10 14:10:33,994] [INFO]	Saving preferences to file: preferences.json
[2013-03-10 14:10:34,316] [INFO]	Saving preferences to file: preferences.json
[2013-03-10 14:10:34,641] [INFO]	Saving preferences to file: preferences.json
